0 info it worked if it ends with ok
1 verbose cli [ 'C:\\Users\\nickp\\AppData\\Local\\atom\\app-1.30.0\\resources\\app\\apm\\bin\\node.exe',
1 verbose cli   'C:\\Users\\nickp\\AppData\\Local\\atom\\app-1.30.0\\resources\\app\\apm\\node_modules\\npm\\bin\\npm-cli.js',
1 verbose cli   'version',
1 verbose cli   'minor',
1 verbose cli   '-m',
1 verbose cli   'Prepare %s release' ]
2 info using npm@3.10.10
3 info using node@v6.9.5
4 info git [ 'status', '--porcelain' ]
5 info lifecycle yournewfavoritetheme@0.1.0~preversion: yournewfavoritetheme@0.1.0
6 silly lifecycle yournewfavoritetheme@0.1.0~preversion: no script for preversion, continuing
7 verbose version.write data { name: 'yournewfavoritetheme',
7 verbose version.write   theme: 'syntax',
7 verbose version.write   version: '0.1.0',
7 verbose version.write   description: 'This IS your new favorite theme.',
7 verbose version.write   keywords: [ 'syntax', 'theme' ],
7 verbose version.write   repository:
7 verbose version.write    { type: 'git',
7 verbose version.write      url: 'https://github.com/nprough/yournewfavoritetheme-atom' },
7 verbose version.write   bugs: { url: 'https://github.com/nprough/yournewfavoritetheme-atom' },
7 verbose version.write   license: 'MIT',
7 verbose version.write   engines: { atom: '>=1.0.0 <2.0.0' } } to package.json
8 info lifecycle yournewfavoritetheme@0.1.0~version: yournewfavoritetheme@0.1.0
9 silly lifecycle yournewfavoritetheme@0.1.0~version: no script for version, continuing
10 info git [ 'add',
10 info git   'C:\\Users\\nickp\\Documents\\GitHub\\yournewfavoritetheme-atom\\package.json' ]
11 info git [ 'commit', '-m', 'Prepare 0.1.0 release' ]
12 info git [ 'tag', 'v0.1.0', '-am', 'Prepare 0.1.0 release' ]
13 verbose stack Error: Command failed: git -c core.longpaths=true tag v0.1.0 -am Prepare 0.1.0 release
13 verbose stack fatal: tag 'v0.1.0' already exists
13 verbose stack
13 verbose stack     at ChildProcess.exithandler (child_process.js:206:12)
13 verbose stack     at emitTwo (events.js:106:13)
13 verbose stack     at ChildProcess.emit (events.js:191:7)
13 verbose stack     at maybeClose (internal/child_process.js:877:16)
13 verbose stack     at Process.ChildProcess._handle.onexit (internal/child_process.js:226:5)
14 verbose cwd C:\Users\nickp\Documents\GitHub\yournewfavoritetheme-atom
15 error Windows_NT 10.0.17134
16 error argv "C:\\Users\\nickp\\AppData\\Local\\atom\\app-1.30.0\\resources\\app\\apm\\bin\\node.exe" "C:\\Users\\nickp\\AppData\\Local\\atom\\app-1.30.0\\resources\\app\\apm\\node_modules\\npm\\bin\\npm-cli.js" "version" "minor" "-m" "Prepare %s release"
17 error node v6.9.5
18 error npm  v3.10.10
19 error code 128
20 error Command failed: git -c core.longpaths=true tag v0.1.0 -am Prepare 0.1.0 release
20 error fatal: tag 'v0.1.0' already exists
21 error If you need help, you may report this error at:
21 error     <https://github.com/npm/npm/issues>
22 verbose exit [ 1, true ]
